<?xml version="1.0" encoding="UTF-8"?>
<!-- Generated by org.testng.reporters.JUnitXMLReporter -->
<testsuite ignored="0" hostname="Priyanka" failures="0" tests="4" name="Test" time="20.0" errors="0" timestamp="2026-03-19T21:45:45 IST">
  <testcase classname="com.Bstack.TestCases.LoginPageTest" name="verifySignIn" time="2.224"/>
  <testcase classname="com.Bstack.TestCases.LoginPageTest" name="testLogin" time="0.757"/>
  <testcase classname="com.Bstack.TestCases.ProductPageTest" name="verifyTotalProducts" time="0.203"/>
  <testcase classname="com.Bstack.TestCases.ProductPageTest" name="verifyProducts" time="0.549"/>
</testsuite> <!-- Test -->
