<?xml version="1.0" encoding="UTF-8"?>
<testng-results ignored="0" total="4" passed="4" failed="0" skipped="0">
  <reporter-output>
  </reporter-output>
  <suite started-at="2026-03-19T21:45:24 IST" name="Suite" finished-at="2026-03-19T21:45:44 IST" duration-ms="20000">
    <groups>
    </groups>
    <test started-at="2026-03-19T21:45:24 IST" name="Test" finished-at="2026-03-19T21:45:44 IST" duration-ms="20000">
      <class name="com.Bstack.TestCases.LoginPageTest">
        <test-method is-config="true" signature="setUp()[pri:0, instance:com.Bstack.TestCases.LoginPageTest@2d29b4ee]" started-at="2026-03-19T21:45:25 IST" name="setUp" finished-at="2026-03-19T21:45:32 IST" duration-ms="7043" status="PASS">
          <reporter-output>
          </reporter-output>
        </test-method> <!-- setUp -->
        <test-method signature="verifySignIn()[pri:1, instance:com.Bstack.TestCases.LoginPageTest@2d29b4ee]" started-at="2026-03-19T21:45:32 IST" name="verifySignIn" finished-at="2026-03-19T21:45:34 IST" duration-ms="2224" status="PASS">
          <reporter-output>
          </reporter-output>
        </test-method> <!-- verifySignIn -->
        <test-method signature="testLogin()[pri:2, instance:com.Bstack.TestCases.LoginPageTest@2d29b4ee]" started-at="2026-03-19T21:45:34 IST" name="testLogin" finished-at="2026-03-19T21:45:35 IST" duration-ms="757" status="PASS">
          <reporter-output>
          </reporter-output>
        </test-method> <!-- testLogin -->
        <test-method is-config="true" signature="tearDown()[pri:0, instance:com.Bstack.TestCases.LoginPageTest@2d29b4ee]" started-at="2026-03-19T21:45:35 IST" name="tearDown" finished-at="2026-03-19T21:45:35 IST" duration-ms="362" status="PASS">
          <reporter-output>
          </reporter-output>
        </test-method> <!-- tearDown -->
      </class> <!-- com.Bstack.TestCases.LoginPageTest -->
      <class name="com.Bstack.TestCases.ProductPageTest">
        <test-method is-config="true" signature="setUp()[pri:0, instance:com.Bstack.TestCases.ProductPageTest@20bd8be5]" started-at="2026-03-19T21:45:35 IST" name="setUp" finished-at="2026-03-19T21:45:40 IST" duration-ms="5416" status="PASS">
          <reporter-output>
          </reporter-output>
        </test-method> <!-- setUp -->
        <test-method is-config="true" signature="pageSetup()[pri:0, instance:com.Bstack.TestCases.ProductPageTest@20bd8be5]" started-at="2026-03-19T21:45:40 IST" name="pageSetup" finished-at="2026-03-19T21:45:43 IST" duration-ms="2907" status="PASS">
          <reporter-output>
          </reporter-output>
        </test-method> <!-- pageSetup -->
        <test-method signature="verifyTotalProducts()[pri:1, instance:com.Bstack.TestCases.ProductPageTest@20bd8be5]" started-at="2026-03-19T21:45:43 IST" name="verifyTotalProducts" finished-at="2026-03-19T21:45:43 IST" duration-ms="203" status="PASS">
          <reporter-output>
          </reporter-output>
        </test-method> <!-- verifyTotalProducts -->
        <test-method signature="verifyProducts()[pri:2, instance:com.Bstack.TestCases.ProductPageTest@20bd8be5]" started-at="2026-03-19T21:45:43 IST" name="verifyProducts" finished-at="2026-03-19T21:45:44 IST" duration-ms="549" status="PASS">
          <reporter-output>
          </reporter-output>
        </test-method> <!-- verifyProducts -->
        <test-method is-config="true" signature="tearDown()[pri:0, instance:com.Bstack.TestCases.ProductPageTest@20bd8be5]" started-at="2026-03-19T21:45:44 IST" name="tearDown" finished-at="2026-03-19T21:45:44 IST" duration-ms="439" status="PASS">
          <reporter-output>
          </reporter-output>
        </test-method> <!-- tearDown -->
      </class> <!-- com.Bstack.TestCases.ProductPageTest -->
    </test> <!-- Test -->
  </suite> <!-- Suite -->
</testng-results>
