<?xml version="1.0" encoding="UTF-8"?>
<!-- Generated by org.testng.reporters.JUnitReportReporter -->
<testsuite hostname="Priyanka" failures="0" tests="2" name="com.Bstack.TestCases.ProductPageTest" time="0.752" errors="0" timestamp="2026-03-19T21:45:45 IST" skipped="0">
  <testcase classname="com.Bstack.TestCases.ProductPageTest" name="verifyTotalProducts" time="0.203"/>
  <testcase classname="com.Bstack.TestCases.ProductPageTest" name="verifyProducts" time="0.549"/>
</testsuite> <!-- com.Bstack.TestCases.ProductPageTest -->
