<?xml version="1.0" encoding="UTF-8"?>
<!-- Generated by org.testng.reporters.JUnitReportReporter -->
<testsuite hostname="Priyanka" failures="0" tests="2" name="com.Bstack.TestCases.LoginPageTest" time="2.981" errors="0" timestamp="2026-03-19T21:45:45 IST" skipped="0">
  <testcase classname="com.Bstack.TestCases.LoginPageTest" name="verifySignIn" time="2.224"/>
  <testcase classname="com.Bstack.TestCases.LoginPageTest" name="testLogin" time="0.757"/>
</testsuite> <!-- com.Bstack.TestCases.LoginPageTest -->
